<?xml version="1.0" encoding="UTF-8"?>
<!-- Generated by org.testng.reporters.JUnitReportReporter -->
<testsuite hostname="DESKTOP-8IO9O82" failures="0" tests="3" name="jan_5.Testcases_OpenBrowserOnlyOnce" time="24.072" errors="0" timestamp="2022-01-05T10:20:20 IST" skipped="0">
  <testcase classname="jan_5.Testcases_OpenBrowserOnlyOnce" name="doubleClick" time="6.927"/>
  <system-out/>
  <testcase classname="jan_5.Testcases_OpenBrowserOnlyOnce" name="search" time="8.959"/>
  <system-out/>
  <testcase classname="jan_5.Testcases_OpenBrowserOnlyOnce" name="onMouse" time="8.186"/>
  <system-out/>
</testsuite> <!-- jan_5.Testcases_OpenBrowserOnlyOnce -->
