<?xml version="1.0" encoding="UTF-8"?>
<!-- Generated by org.testng.reporters.JUnitReportReporter -->
<testsuite hostname="DESKTOP-8IO9O82" failures="0" tests="3" name="jan_6.Testcase2" time="22.522" errors="0" timestamp="2022-01-06T09:41:04 IST" skipped="0">
  <testcase classname="jan_6.Testcase2" name="onMouse" time="7.352"/>
  <system-out/>
  <testcase classname="jan_6.Testcase2" name="doubleClick" time="7.596"/>
  <system-out/>
  <testcase classname="jan_6.Testcase2" name="search" time="7.574"/>
  <system-out/>
</testsuite> <!-- jan_6.Testcase2 -->
