<?xml version="1.0" encoding="UTF-8"?>
<!-- Generated by org.testng.reporters.JUnitReportReporter -->
<testsuite hostname="DESKTOP-8IO9O82" failures="0" tests="2" name="jan_4_TestNGBasics.LearningAnnotations" time="0.018" errors="0" timestamp="2022-01-04T09:54:44 IST" skipped="0">
  <testcase classname="jan_4_TestNGBasics.LearningAnnotations" name="f2" time="0.009"/>
  <system-out/>
  <testcase classname="jan_4_TestNGBasics.LearningAnnotations" name="f" time="0.009"/>
  <system-out/>
</testsuite> <!-- jan_4_TestNGBasics.LearningAnnotations -->
