<?xml version="1.0" encoding="UTF-8"?>
<!-- Generated by org.testng.reporters.JUnitReportReporter -->
<testsuite hostname="DESKTOP-8IO9O82" failures="0" tests="1" name="jan_4_TestNGBasics.Demo1" time="0.012" errors="0" timestamp="2022-01-04T09:47:50 IST" skipped="0">
  <testcase classname="jan_4_TestNGBasics.Demo1" name="f" time="0.012"/>
  <system-out/>
</testsuite> <!-- jan_4_TestNGBasics.Demo1 -->
