<?xml version="1.0" encoding="UTF-8"?>
<!-- Generated by org.testng.reporters.JUnitReportReporter -->
<testsuite hostname="DESKTOP-8IO9O82" failures="0" tests="3" name="jan_6.Testcases_Priority" time="27.756" errors="0" timestamp="2022-01-06T09:24:47 IST" skipped="0">
  <testcase classname="jan_6.Testcases_Priority" name="search" time="7.228"/>
  <system-out/>
  <testcase classname="jan_6.Testcases_Priority" name="onMouse" time="9.321"/>
  <system-out/>
  <testcase classname="jan_6.Testcases_Priority" name="doubleClick" time="11.207"/>
  <system-out/>
</testsuite> <!-- jan_6.Testcases_Priority -->
