<?xml version="1.0" encoding="UTF-8"?>
<!-- Generated by org.testng.reporters.JUnitReportReporter -->
<testsuite hostname="DESKTOP-8IO9O82" failures="0" tests="3" name="jan_6.Testcase3_DependsOn" time="34.216" errors="0" timestamp="2022-01-06T10:05:38 IST" skipped="0">
  <testcase classname="jan_6.Testcase3_DependsOn" name="onMouse" time="11.687"/>
  <system-out/>
  <testcase classname="jan_6.Testcase3_DependsOn" name="doubleClick" time="11.358"/>
  <system-out/>
  <testcase classname="jan_6.Testcase3_DependsOn" name="search" time="11.171"/>
  <system-out/>
</testsuite> <!-- jan_6.Testcase3_DependsOn -->
