<?xml version="1.0" encoding="UTF-8"?>
<!-- Generated by org.testng.reporters.JUnitReportReporter -->
<testsuite hostname="DESKTOP-8IO9O82" failures="0" tests="2" name="jan_4_TestNGBasics.LearningAnnotations2" time="0.008" errors="0" timestamp="2022-01-04T09:58:17 IST" skipped="0">
  <testcase classname="jan_4_TestNGBasics.LearningAnnotations2" name="f" time="0.006"/>
  <system-out/>
  <testcase classname="jan_4_TestNGBasics.LearningAnnotations2" name="f2" time="0.002"/>
  <system-out/>
</testsuite> <!-- jan_4_TestNGBasics.LearningAnnotations2 -->
