<?xml version="1.0" encoding="UTF-8"?>
<!-- Generated by org.testng.reporters.JUnitReportReporter -->
<testsuite hostname="DESKTOP-8IO9O82" failures="0" tests="1" name="testcases.SampleExtentReport" time="82.134" errors="0" timestamp="2022-01-10T10:16:21 IST" skipped="0">
  <testcase classname="testcases.SampleExtentReport" name="sample" time="82.134"/>
  <system-out/>
</testsuite> <!-- testcases.SampleExtentReport -->
