<?xml version="1.0" encoding="UTF-8"?>
<!-- Generated by org.testng.reporters.JUnitReportReporter -->
<testsuite hostname="DESKTOP-8IO9O82" failures="0" tests="3" name="jan_5.Testcases_Enable_Disable" time="33.910" errors="0" timestamp="2022-01-06T09:41:04 IST" skipped="0">
  <testcase classname="jan_5.Testcases_Enable_Disable" name="search" time="7.346"/>
  <system-out/>
  <testcase classname="jan_5.Testcases_Enable_Disable" name="onMouse" time="13.260"/>
  <system-out/>
  <testcase classname="jan_5.Testcases_Enable_Disable" name="doubleClick" time="13.304"/>
  <system-out/>
</testsuite> <!-- jan_5.Testcases_Enable_Disable -->
