<?xml version="1.0" encoding="UTF-8"?>
<!-- Generated by org.testng.reporters.JUnitReportReporter -->
<testsuite hostname="DESKTOP-8IO9O82" failures="0" tests="1" name="testcases.SignInTestcases2" time="5.282" errors="0" timestamp="2022-01-08T11:07:44 IST" skipped="0">
  <testcase classname="testcases.SignInTestcases2" name="signInTestcase001" time="5.282"/>
  <system-out/>
</testsuite> <!-- testcases.SignInTestcases2 -->
