<?xml version="1.0" encoding="UTF-8"?>
<!-- Generated by org.testng.reporters.JUnitReportReporter -->
<testsuite hostname="DESKTOP-8IO9O82" failures="0" tests="3" name="jan_5.Testcases_Apha" time="32.997" errors="0" timestamp="2022-01-06T09:41:04 IST" skipped="0">
  <testcase classname="jan_5.Testcases_Apha" name="doubleClick" time="13.686"/>
  <system-out/>
  <testcase classname="jan_5.Testcases_Apha" name="onMouse" time="11.266"/>
  <system-out/>
  <testcase classname="jan_5.Testcases_Apha" name="search" time="8.045"/>
  <system-out/>
</testsuite> <!-- jan_5.Testcases_Apha -->
