<?xml version="1.0" encoding="UTF-8"?>
<!-- Generated by org.testng.reporters.JUnitReportReporter -->
<testsuite hostname="DESKTOP-8IO9O82" failures="0" tests="3" name="jan_5.Search" time="29.041" errors="0" timestamp="2022-01-05T09:31:51 IST" skipped="0">
  <testcase classname="jan_5.Search" name="onMouse" time="10.514"/>
  <system-out/>
  <testcase classname="jan_5.Search" name="search" time="6.589"/>
  <system-out/>
  <testcase classname="jan_5.Search" name="doubleClick" time="11.938"/>
  <system-out/>
</testsuite> <!-- jan_5.Search -->
