<?xml version="1.0" encoding="UTF-8"?>
<!-- Generated by org.testng.reporters.JUnitReportReporter -->
<testsuite hostname="DESKTOP-8IO9O82" failures="0" tests="3" name="jan_6.Testcases_OpenBrowserOnlyOnce" time="21.888" errors="0" timestamp="2022-01-06T09:24:47 IST" skipped="0">
  <testcase classname="jan_6.Testcases_OpenBrowserOnlyOnce" name="doubleClick" time="7.596"/>
  <system-out/>
  <testcase classname="jan_6.Testcases_OpenBrowserOnlyOnce" name="search" time="7.458"/>
  <system-out/>
  <testcase classname="jan_6.Testcases_OpenBrowserOnlyOnce" name="onMouse" time="6.834"/>
  <system-out/>
</testsuite> <!-- jan_6.Testcases_OpenBrowserOnlyOnce -->
