<?xml version="1.0" encoding="UTF-8"?>
<!-- Generated by org.testng.reporters.JUnitReportReporter -->
<testsuite hostname="DESKTOP-8IO9O82" failures="0" tests="3" name="jan_5.Testcases_Priority" time="33.613" errors="0" timestamp="2022-01-05T10:20:20 IST" skipped="0">
  <testcase classname="jan_5.Testcases_Priority" name="search" time="13.510"/>
  <system-out/>
  <testcase classname="jan_5.Testcases_Priority" name="onMouse" time="9.098"/>
  <system-out/>
  <testcase classname="jan_5.Testcases_Priority" name="doubleClick" time="11.005"/>
  <system-out/>
</testsuite> <!-- jan_5.Testcases_Priority -->
