<?xml version="1.0" encoding="UTF-8"?>
<!-- Generated by org.testng.reporters.JUnitReportReporter -->
<testsuite hostname="DESKTOP-8IO9O82" failures="0" tests="3" name="testcases.HomePageTestcases" time="7.136" errors="0" timestamp="2022-01-08T11:07:44 IST" skipped="0">
  <testcase classname="testcases.HomePageTestcases" name="searchTestcase003" time="2.512"/>
  <system-out/>
  <testcase classname="testcases.HomePageTestcases" name="searchTestcase001" time="2.200"/>
  <system-out/>
  <testcase classname="testcases.HomePageTestcases" name="searchTestcase002" time="2.424"/>
  <system-out/>
</testsuite> <!-- testcases.HomePageTestcases -->
