<?xml version="1.0" encoding="UTF-8"?>
<!-- Generated by org.testng.reporters.JUnitReportReporter -->
<testsuite hostname="DESKTOP-8IO9O82" failures="0" tests="1" name="testcases.CreateAccountTestcases" time="57.337" errors="0" timestamp="2022-01-12T10:14:38 IST" skipped="0">
  <testcase classname="testcases.CreateAccountTestcases" name="createAccountTest001" time="57.337"/>
  <system-out/>
</testsuite> <!-- testcases.CreateAccountTestcases -->
