<?xml version="1.0" encoding="UTF-8"?>
<!-- Generated by org.testng.reporters.JUnitReportReporter -->
<testsuite hostname="DESKTOP-8IO9O82" failures="0" tests="1" name="log4jTest.Log4JTestfile" time="0.019" errors="0" timestamp="2022-01-10T09:34:42 IST" skipped="0">
  <testcase classname="log4jTest.Log4JTestfile" name="log" time="0.019"/>
  <system-out/>
</testsuite> <!-- log4jTest.Log4JTestfile -->
