<?xml version="1.0" encoding="UTF-8"?>
<!-- Generated by org.testng.reporters.JUnitReportReporter -->
<testsuite hostname="DESKTOP-8IO9O82" failures="0" tests="1" name="testcases.SignInTestcases" time="26.745" errors="0" timestamp="2022-01-10T09:51:40 IST" skipped="0">
  <testcase classname="testcases.SignInTestcases" name="signInTestcase001" time="26.745"/>
  <system-out/>
</testsuite> <!-- testcases.SignInTestcases -->
